0 info it worked if it ends with ok
1 verbose cli [ 'C:\\Program Files\\nodejs\\node.exe',
1 verbose cli   'C:\\Users\\mupac_000\\AppData\\Roaming\\npm\\node_modules\\npm\\bin\\npm-cli.js',
1 verbose cli   'install',
1 verbose cli   '-g',
1 verbose cli   'typescript' ]
2 info using npm@3.10.9
3 info using node@v8.12.0
4 silly loadCurrentTree Starting
5 silly install loadCurrentTree
6 silly install readGlobalPackageData
7 silly fetchPackageMetaData typescript
8 silly fetchOtherPackageData typescript
9 silly cache add args [ 'typescript', null ]
10 verbose cache add spec typescript
11 silly cache add parsed spec Result {
11 silly cache add   raw: 'typescript',
11 silly cache add   scope: null,
11 silly cache add   escapedName: 'typescript',
11 silly cache add   name: null,
11 silly cache add   rawSpec: 'typescript',
11 silly cache add   spec: 'D:\\mupacif\\Study\\typescript',
11 silly cache add   type: 'local' }
12 silly addLocalTarball shasum (computed) c0caa4e758bcddd5ea45210a7bb1d32cfa4b9a81
13 verbose addTmpTarball D:\mupacif\Study\typescript not in flight; adding
14 verbose correctMkdir C:\Users\mupac_000\AppData\Roaming\npm-cache correctMkdir not in flight; initializing
15 verbose addTmpTarball validating metadata from D:\mupacif\Study\typescript
16 verbose tar unpack D:\mupacif\Study\typescript
17 verbose tar unpacking to C:\Users\MUPAC_~1\AppData\Local\Temp\npm-1284-8b797a38\unpack-e58d4f47
18 silly gentlyRm C:\Users\MUPAC_~1\AppData\Local\Temp\npm-1284-8b797a38\unpack-e58d4f47 is being purged
19 verbose gentlyRm don't care about contents; nuking C:\Users\MUPAC_~1\AppData\Local\Temp\npm-1284-8b797a38\unpack-e58d4f47
20 silly gunzTarPerm modes [ '777', '666' ]
21 error not a package D:\mupacif\Study\typescript
22 error addLocal Could not install D:\mupacif\Study\typescript
23 silly fetchPackageMetaData Error: ENOENT: no such file or directory, open 'C:\Users\MUPAC_~1\AppData\Local\Temp\npm-1284-8b797a38\unpack-e58d4f47\package.json'
23 silly fetchPackageMetaData  error for typescript { Error: ENOENT: no such file or directory, open 'C:\Users\MUPAC_~1\AppData\Local\Temp\npm-1284-8b797a38\unpack-e58d4f47\package.json'
23 silly fetchPackageMetaData   errno: -4058,
23 silly fetchPackageMetaData   code: 'ENOENT',
23 silly fetchPackageMetaData   syscall: 'open',
23 silly fetchPackageMetaData   path: 'C:\\Users\\MUPAC_~1\\AppData\\Local\\Temp\\npm-1284-8b797a38\\unpack-e58d4f47\\package.json' }
24 silly rollbackFailedOptional Starting
25 silly rollbackFailedOptional Finishing
26 silly runTopLevelLifecycles Finishing
27 silly install printInstalled
28 verbose stack Error: ENOENT: no such file or directory, open 'C:\Users\MUPAC_~1\AppData\Local\Temp\npm-1284-8b797a38\unpack-e58d4f47\package.json'
29 verbose cwd D:\mupacif\Study
30 error Windows_NT 6.3.9600
31 error argv "C:\\Program Files\\nodejs\\node.exe" "C:\\Users\\mupac_000\\AppData\\Roaming\\npm\\node_modules\\npm\\bin\\npm-cli.js" "install" "-g" "typescript"
32 error node v8.12.0
33 error npm  v3.10.9
34 error path C:\Users\MUPAC_~1\AppData\Local\Temp\npm-1284-8b797a38\unpack-e58d4f47\package.json
35 error code ENOENT
36 error errno -4058
37 error syscall open
38 error enoent ENOENT: no such file or directory, open 'C:\Users\MUPAC_~1\AppData\Local\Temp\npm-1284-8b797a38\unpack-e58d4f47\package.json'
39 error enoent ENOENT: no such file or directory, open 'C:\Users\MUPAC_~1\AppData\Local\Temp\npm-1284-8b797a38\unpack-e58d4f47\package.json'
39 error enoent This is most likely not a problem with npm itself
39 error enoent and is related to npm not being able to find a file.
40 verbose exit [ -4058, true ]
